<?xml version="1.0" encoding="UTF-8" ?>
<testsuite errors="14" failures="0" hostname="clement-S550CB-L" name="TestCombat.CombatTestClement" skipped="0" tests="14" time="0.318" timestamp="2020-06-17T15:54:18">
  <properties>
[...]
</properties>
  <testcase classname="TestCombat.CombatTestClement" name="AttackEgaliterTestRL" time="0.161">
    <error type="java.lang.ExceptionInInitializerError">java.lang.ExceptionInInitializerError
	at ClasseAdvencedWars.Case.Plain.&lt;init&gt;(Plain.java:23)
	at TestCombat.CombatTestClement.setup(CombatTestClement.java:51)
Caused by: java.lang.RuntimeException: Internal graphics not initialized yet
	at com.sun.glass.ui.Screen.getScreens(Screen.java:70)
	at com.sun.javafx.tk.quantum.QuantumToolkit.getScreens(QuantumToolkit.java:742)
	at com.sun.javafx.tk.quantum.QuantumToolkit.getMaxRenderScale(QuantumToolkit.java:762)
	at com.sun.javafx.tk.quantum.QuantumToolkit.loadImage(QuantumToolkit.java:770)
	at javafx.scene.image.Image.loadImage(Image.java:1065)
	at javafx.scene.image.Image.initialize(Image.java:807)
	at javafx.scene.image.Image.&lt;init&gt;(Image.java:621)
	at sample.BibliotequeImage.&lt;clinit&gt;(BibliotequeImage.java:8)
</error>
  </testcase>
  <testcase classname="TestCombat.CombatTestClement" name="AttackEgaliterTestInf" time="0.002">
    <error message="Could not initialize class sample.BibliotequeImage" type="java.lang.NoClassDefFoundError">java.lang.NoClassDefFoundError: Could not initialize class sample.BibliotequeImage
	at ClasseAdvencedWars.Case.Plain.&lt;init&gt;(Plain.java:23)
	at TestCombat.CombatTestClement.setup(CombatTestClement.java:51)
</error>
  </testcase>
  <testcase classname="TestCombat.CombatTestClement" name="setUnitTestRL" time="0.002">
    <error message="Could not initialize class sample.BibliotequeImage" type="java.lang.NoClassDefFoundError">java.lang.NoClassDefFoundError: Could not initialize class sample.BibliotequeImage
	at ClasseAdvencedWars.Case.Plain.&lt;init&gt;(Plain.java:23)
	at TestCombat.CombatTestClement.setup(CombatTestClement.java:51)
</error>
  </testcase>
  <testcase classname="TestCombat.CombatTestClement" name="AttackTestrLauncherVSinf" time="0.002">
    <error message="Could not initialize class sample.BibliotequeImage" type="java.lang.NoClassDefFoundError">java.lang.NoClassDefFoundError: Could not initialize class sample.BibliotequeImage
	at ClasseAdvencedWars.Case.Plain.&lt;init&gt;(Plain.java:23)
	at TestCombat.CombatTestClement.setup(CombatTestClement.java:51)
</error>
  </testcase>
  <testcase classname="TestCombat.CombatTestClement" name="AttackTestTankVSInf" time="0.001">
    <error message="Could not initialize class sample.BibliotequeImage" type="java.lang.NoClassDefFoundError">java.lang.NoClassDefFoundError: Could not initialize class sample.BibliotequeImage
	at ClasseAdvencedWars.Case.Plain.&lt;init&gt;(Plain.java:23)
	at TestCombat.CombatTestClement.setup(CombatTestClement.java:51)
</error>
  </testcase>
  <testcase classname="TestCombat.CombatTestClement" name="AttackTestInfVSTank" time="0.001">
    <error message="Could not initialize class sample.BibliotequeImage" type="java.lang.NoClassDefFoundError">java.lang.NoClassDefFoundError: Could not initialize class sample.BibliotequeImage
	at ClasseAdvencedWars.Case.Plain.&lt;init&gt;(Plain.java:23)
	at TestCombat.CombatTestClement.setup(CombatTestClement.java:51)
</error>
  </testcase>
  <testcase classname="TestCombat.CombatTestClement" name="FriendExceptionTest" time="0.002">
    <error message="Could not initialize class sample.BibliotequeImage" type="java.lang.NoClassDefFoundError">java.lang.NoClassDefFoundError: Could not initialize class sample.BibliotequeImage
	at ClasseAdvencedWars.Case.Plain.&lt;init&gt;(Plain.java:23)
	at TestCombat.CombatTestClement.setup(CombatTestClement.java:51)
</error>
  </testcase>
  <testcase classname="TestCombat.CombatTestClement" name="AttackTestInfVSrLauncher" time="0.001">
    <error message="Could not initialize class sample.BibliotequeImage" type="java.lang.NoClassDefFoundError">java.lang.NoClassDefFoundError: Could not initialize class sample.BibliotequeImage
	at ClasseAdvencedWars.Case.Plain.&lt;init&gt;(Plain.java:23)
	at TestCombat.CombatTestClement.setup(CombatTestClement.java:51)
</error>
  </testcase>
  <testcase classname="TestCombat.CombatTestClement" name="setUnitTestTank" time="0.002">
    <error message="Could not initialize class sample.BibliotequeImage" type="java.lang.NoClassDefFoundError">java.lang.NoClassDefFoundError: Could not initialize class sample.BibliotequeImage
	at ClasseAdvencedWars.Case.Plain.&lt;init&gt;(Plain.java:23)
	at TestCombat.CombatTestClement.setup(CombatTestClement.java:51)
</error>
  </testcase>
  <testcase classname="TestCombat.CombatTestClement" name="AttackTestTankVSrLauncher" time="0.001">
    <error message="Could not initialize class sample.BibliotequeImage" type="java.lang.NoClassDefFoundError">java.lang.NoClassDefFoundError: Could not initialize class sample.BibliotequeImage
	at ClasseAdvencedWars.Case.Plain.&lt;init&gt;(Plain.java:23)
	at TestCombat.CombatTestClement.setup(CombatTestClement.java:51)
</error>
  </testcase>
  <testcase classname="TestCombat.CombatTestClement" name="AttackTestrLauncherVStank" time="0.001">
    <error message="Could not initialize class sample.BibliotequeImage" type="java.lang.NoClassDefFoundError">java.lang.NoClassDefFoundError: Could not initialize class sample.BibliotequeImage
	at ClasseAdvencedWars.Case.Plain.&lt;init&gt;(Plain.java:23)
	at TestCombat.CombatTestClement.setup(CombatTestClement.java:51)
</error>
  </testcase>
  <testcase classname="TestCombat.CombatTestClement" name="nullableTest" time="0.013">
    <error message="Could not initialize class sample.BibliotequeImage" type="java.lang.NoClassDefFoundError">java.lang.NoClassDefFoundError: Could not initialize class sample.BibliotequeImage
	at ClasseAdvencedWars.Case.Plain.&lt;init&gt;(Plain.java:23)
	at TestCombat.CombatTestClement.setup(CombatTestClement.java:51)
</error>
  </testcase>
  <testcase classname="TestCombat.CombatTestClement" name="setUnitTestInf" time="0.002">
    <error message="Could not initialize class sample.BibliotequeImage" type="java.lang.NoClassDefFoundError">java.lang.NoClassDefFoundError: Could not initialize class sample.BibliotequeImage
	at ClasseAdvencedWars.Case.Plain.&lt;init&gt;(Plain.java:23)
	at TestCombat.CombatTestClement.setup(CombatTestClement.java:51)
</error>
  </testcase>
  <testcase classname="TestCombat.CombatTestClement" name="AttackEgaliterTestTank" time="0.001">
    <error message="Could not initialize class sample.BibliotequeImage" type="java.lang.NoClassDefFoundError">java.lang.NoClassDefFoundError: Could not initialize class sample.BibliotequeImage
	at ClasseAdvencedWars.Case.Plain.&lt;init&gt;(Plain.java:23)
	at TestCombat.CombatTestClement.setup(CombatTestClement.java:51)
</error>
  </testcase>
  <system-out><![CDATA[]]></system-out>
  <system-err><![CDATA[]]></system-err>
</testsuite>
